Start time: 13:52:32 on Sep 14,2025
qverilog as_3.v 
-- Compiling module as3
-- Compiling module as3_tb

Top level modules:
	as3_tb
# vsim -lib work work.as3_tb -c -do "run -all; quit -f" -appendlog -l qverilog.log -vopt 
# ** Note: (vsim-3812) Design is being optimized...
# //  Questa Sim-64
# //  Version 10.7c win64 Aug 18 2018
# //
# //  Copyright 1991-2018 Mentor Graphics Corporation
# //  All Rights Reserved.
# //
# //  QuestaSim and its associated documentation contain trade
# //  secrets and commercial or financial information that are the property of
# //  Mentor Graphics Corporation and are privileged, confidential,
# //  and exempt from disclosure under the Freedom of Information Act,
# //  5 U.S.C. Section 552. Furthermore, this information
# //  is prohibited from disclosure under the Trade Secrets Act,
# //  18 U.S.C. Section 1905.
# //
# Loading work.as3_tb(fast)
# run -all
# da=0100 db=0001 dcin=1 ds=0110 dcarry=0 $time=0
#  quit -f
# End time: 13:52:35 on Sep 14,2025, Elapsed time: 0:00:03
# Errors: 0, Warnings: 0
