Start time: 13:42:25 on Aug 28,2025
qverilog bg_gb.v 
-- Compiling module binary_gray
-- Compiling module binary_gray_tb
-- Compiling module gray_binary
-- Compiling module gray_binary_tb
-- Compiling module bg_gb
-- Compiling module bg_gb_tb

Top level modules:
	binary_gray_tb
	gray_binary_tb
	bg_gb_tb
# vsim -lib work work.binary_gray_tb work.gray_binary_tb work.bg_gb_tb -c -do "run -all; quit -f" -appendlog -l qverilog.log -vopt 
# ** Note: (vsim-8009) Loading existing optimized design _opt
# //  Questa Sim-64
# //  Version 10.7c win64 Aug 18 2018
# //
# //  Copyright 1991-2018 Mentor Graphics Corporation
# //  All Rights Reserved.
# //
# //  QuestaSim and its associated documentation contain trade
# //  secrets and commercial or financial information that are the property of
# //  Mentor Graphics Corporation and are privileged, confidential,
# //  and exempt from disclosure under the Freedom of Information Act,
# //  5 U.S.C. Section 552. Furthermore, this information
# //  is prohibited from disclosure under the Trade Secrets Act,
# //  18 U.S.C. Section 1905.
# //
# Loading work.binary_gray_tb(fast)
# Loading work.gray_binary_tb(fast)
# Loading work.bg_gb_tb(fast)
# run -all
# b=1001 y=1001 $time=0
# b=1101 y=1101 $time=10
# b=0001 y=0001 $time=20
# b=1101 y=1101 $time=30
# b=1001 y=1001 $time=40
# b=1010 y=1010 $time=50
# b=0010 y=0010 $time=60
# b=1110 y=1110 $time=70
# b=1100 y=1100 $time=80
# b=0101 y=0101 $time=90
#  quit -f
# End time: 13:42:28 on Aug 28,2025, Elapsed time: 0:00:03
# Errors: 0, Warnings: 0
